# JRE version: Java(TM) SE Runtime Environment (17.0.14+8) (build 17.0.14+8-LTS-191)
# Java VM: Java HotSpot(TM) 64-Bit Server VM (17.0.14+8-LTS-191, mixed mode, sharing, tiered, compressed oops, compressed class ptrs, g1 gc, windows-amd64)
GC Precious Log:
 CPUs: 8 total, 8 available
 Memory: 7117M
 Large Page Support: Disabled
 NUMA Support: Disabled
 Compressed Oops: Enabled (32-bit)
 Heap Region Size: 1M
 Heap Min Capacity: 8M
 Heap Initial Capacity: 112M
 Heap Max Capacity: 1780M
 Pre-touch: Disabled
 Parallel Workers: 8
 Concurrent Workers: 2
 Concurrent Refinement Workers: 8
 Periodic GC: Disabled
Heap:
 garbage-first heap   total 40960K, used 31526K [0x0000000090c00000, 0x0000000100000000)
  region size 1024K, 15 young (15360K), 2 survivors (2048K)
 Metaspace       used 38072K, committed 38592K, reserved 1114112K
  class space    used 5010K, committed 5248K, reserved 1048576K
GC Heap History (20 events):
Event: 2.722 GC heap before
{Heap before GC invocations=0 (full 0):
 garbage-first heap   total 114688K, used 23552K [0x0000000090c00000, 0x0000000100000000)
  region size 1024K, 23 young (23552K), 0 survivors (0K)
 Metaspace       used 6647K, committed 6848K, reserved 1114112K
  class space    used 777K, committed 832K, reserved 1048576K
}
Event: 2.737 GC heap after
{Heap after GC invocations=1 (full 0):
 garbage-first heap   total 114688K, used 4795K [0x0000000090c00000, 0x0000000100000000)
  region size 1024K, 3 young (3072K), 3 survivors (3072K)
 Metaspace       used 6647K, committed 6848K, reserved 1114112K
  class space    used 777K, committed 832K, reserved 1048576K
}
Event: 5.744 GC heap before
{Heap before GC invocations=1 (full 0):
 garbage-first heap   total 114688K, used 31419K [0x0000000090c00000, 0x0000000100000000)
  region size 1024K, 30 young (30720K), 3 survivors (3072K)
 Metaspace       used 13360K, committed 13632K, reserved 1114112K
  class space    used 1636K, committed 1792K, reserved 1048576K
}
Event: 5.754 GC heap after
{Heap after GC invocations=2 (full 0):
 garbage-first heap   total 114688K, used 7171K [0x0000000090c00000, 0x0000000100000000)
  region size 1024K, 3 young (3072K), 3 survivors (3072K)
 Metaspace       used 13360K, committed 13632K, reserved 1114112K
  class space    used 1636K, committed 1792K, reserved 1048576K
}
Event: 10.243 GC heap before
{Heap before GC invocations=2 (full 0):
 garbage-first heap   total 114688K, used 55299K [0x0000000090c00000, 0x0000000100000000)
  region size 1024K, 51 young (52224K), 3 survivors (3072K)
 Metaspace       used 21255K, committed 21504K, reserved 1114112K
  class space    used 2642K, committed 2752K, reserved 1048576K
}
Event: 10.252 GC heap after
{Heap after GC invocations=3 (full 0):
 garbage-first heap   total 114688K, used 11137K [0x0000000090c00000, 0x0000000100000000)
  region size 1024K, 7 young (7168K), 7 survivors (7168K)
 Metaspace       used 21255K, committed 21504K, reserved 1114112K
  class space    used 2642K, committed 2752K, reserved 1048576K
}
Event: 12.622 GC heap before
{Heap before GC invocations=4 (full 0):
 garbage-first heap   total 40960K, used 28545K [0x0000000090c00000, 0x0000000100000000)
  region size 1024K, 24 young (24576K), 7 survivors (7168K)
 Metaspace       used 24341K, committed 24768K, reserved 1114112K
  class space    used 3117K, committed 3328K, reserved 1048576K
}
Event: 12.631 GC heap after
{Heap after GC invocations=5 (full 0):
 garbage-first heap   total 40960K, used 12994K [0x0000000090c00000, 0x0000000100000000)
  region size 1024K, 3 young (3072K), 3 survivors (3072K)
 Metaspace       used 24341K, committed 24768K, reserved 1114112K
  class space    used 3117K, committed 3328K, reserved 1048576K
}
Event: 12.706 GC heap before
{Heap before GC invocations=5 (full 0):
 garbage-first heap   total 40960K, used 14018K [0x0000000090c00000, 0x0000000100000000)
  region size 1024K, 4 young (4096K), 3 survivors (3072K)
 Metaspace       used 24488K, committed 24896K, reserved 1114112K
  class space    used 3157K, committed 3328K, reserved 1048576K
}
Event: 12.711 GC heap after
{Heap after GC invocations=6 (full 0):
 garbage-first heap   total 40960K, used 13160K [0x0000000090c00000, 0x0000000100000000)
  region size 1024K, 1 young (1024K), 1 survivors (1024K)
 Metaspace       used 24488K, committed 24896K, reserved 1114112K
  class space    used 3157K, committed 3328K, reserved 1048576K
}
Event: 14.655 GC heap before
{Heap before GC invocations=6 (full 0):
 garbage-first heap   total 40960K, used 30568K [0x0000000090c00000, 0x0000000100000000)
  region size 1024K, 18 young (18432K), 1 survivors (1024K)
 Metaspace       used 28314K, committed 28672K, reserved 1114112K
  class space    used 3628K, committed 3776K, reserved 1048576K
}
Event: 14.660 GC heap after
{Heap after GC invocations=7 (full 0):
 garbage-first heap   total 40960K, used 14374K [0x0000000090c00000, 0x0000000100000000)
  region size 1024K, 2 young (2048K), 2 survivors (2048K)
 Metaspace       used 28314K, committed 28672K, reserved 1114112K
  class space    used 3628K, committed 3776K, reserved 1048576K
}
Event: 16.408 GC heap before
{Heap before GC invocations=7 (full 0):
 garbage-first heap   total 40960K, used 30758K [0x0000000090c00000, 0x0000000100000000)
  region size 1024K, 18 young (18432K), 2 survivors (2048K)
 Metaspace       used 32181K, committed 32576K, reserved 1114112K
  class space    used 4220K, committed 4416K, reserved 1048576K
}
Event: 16.417 GC heap after
{Heap after GC invocations=8 (full 0):
 garbage-first heap   total 40960K, used 15780K [0x0000000090c00000, 0x0000000100000000)
  region size 1024K, 3 young (3072K), 3 survivors (3072K)
 Metaspace       used 32181K, committed 32576K, reserved 1114112K
  class space    used 4220K, committed 4416K, reserved 1048576K
}
Event: 18.164 GC heap before
{Heap before GC invocations=8 (full 0):
 garbage-first heap   total 40960K, used 32164K [0x0000000090c00000, 0x0000000100000000)
  region size 1024K, 19 young (19456K), 3 survivors (3072K)
 Metaspace       used 34744K, committed 35200K, reserved 1114112K
  class space    used 4570K, committed 4800K, reserved 1048576K
}
Event: 18.171 GC heap after
{Heap after GC invocations=9 (full 0):
 garbage-first heap   total 40960K, used 17430K [0x0000000090c00000, 0x0000000100000000)
  region size 1024K, 3 young (3072K), 3 survivors (3072K)
 Metaspace       used 34744K, committed 35200K, reserved 1114112K
  class space    used 4570K, committed 4800K, reserved 1048576K
}
Event: 18.687 GC heap before
{Heap before GC invocations=9 (full 0):
 garbage-first heap   total 40960K, used 21526K [0x0000000090c00000, 0x0000000100000000)
  region size 1024K, 8 young (8192K), 3 survivors (3072K)
 Metaspace       used 35484K, committed 35968K, reserved 1114112K
  class space    used 4672K, committed 4928K, reserved 1048576K
}
Event: 18.691 GC heap after
{Heap after GC invocations=10 (full 0):
 garbage-first heap   total 40960K, used 17948K [0x0000000090c00000, 0x0000000100000000)
  region size 1024K, 1 young (1024K), 1 survivors (1024K)
 Metaspace       used 35484K, committed 35968K, reserved 1114112K
  class space    used 4672K, committed 4928K, reserved 1048576K
}
Event: 20.124 GC heap before
{Heap before GC invocations=11 (full 0):
 garbage-first heap   total 40960K, used 32284K [0x0000000090c00000, 0x0000000100000000)
  region size 1024K, 15 young (15360K), 1 survivors (1024K)
 Metaspace       used 37513K, committed 38016K, reserved 1114112K
  class space    used 4948K, committed 5184K, reserved 1048576K
}
Event: 20.129 GC heap after
{Heap after GC invocations=12 (full 0):
 garbage-first heap   total 40960K, used 19238K [0x0000000090c00000, 0x0000000100000000)
  region size 1024K, 2 young (2048K), 2 survivors (2048K)
 Metaspace       used 37513K, committed 38016K, reserved 1114112K
  class space    used 4948K, committed 5184K, reserved 1048576K
}

